[0.018s] Invoking command in '/root/video_image_publisher/build/video_image_publisher': CMAKE_PREFIX_PATH=/opt/ros/humble /usr/bin/cmake /root/video_image_publisher -DCMAKE_INSTALL_PREFIX=/root/video_image_publisher/install/video_image_publisher
[0.030s] -- Found ament_cmake: 1.3.10 (/opt/ros/humble/share/ament_cmake/cmake)
[0.177s] -- Found rclcpp: 16.0.10 (/opt/ros/humble/share/rclcpp/cmake)
[0.221s] -- Found rosidl_generator_c: 3.1.5 (/opt/ros/humble/share/rosidl_generator_c/cmake)
[0.225s] -- Found rosidl_adapter: 3.1.5 (/opt/ros/humble/share/rosidl_adapter/cmake)
[0.233s] -- Found rosidl_generator_cpp: 3.1.5 (/opt/ros/humble/share/rosidl_generator_cpp/cmake)
[0.246s] -- Using all available rosidl_typesupport_c: rosidl_typesupport_fastrtps_c;rosidl_typesupport_introspection_c
[0.263s] -- Using all available rosidl_typesupport_cpp: rosidl_typesupport_fastrtps_cpp;rosidl_typesupport_introspection_cpp
[0.312s] -- Found rmw_implementation_cmake: 6.1.2 (/opt/ros/humble/share/rmw_implementation_cmake/cmake)
[0.313s] -- Found rmw_fastrtps_cpp: 6.2.7 (/opt/ros/humble/share/rmw_fastrtps_cpp/cmake)
[0.474s] -- Using RMW implementation 'rmw_fastrtps_cpp' as default
[0.555s] -- Found sensor_msgs: 4.2.4 (/opt/ros/humble/share/sensor_msgs/cmake)
[0.606s] -- Found cv_bridge: 3.2.1 (/opt/ros/humble/share/cv_bridge/cmake)
[0.635s] -- Found ament_lint_auto: 0.12.11 (/opt/ros/humble/share/ament_lint_auto/cmake)
[0.772s] -- Added test 'cppcheck' to perform static code analysis on C / C++ code
[0.772s] -- Configured cppcheck include dirs: /root/video_image_publisher/include
[0.773s] -- Configured cppcheck exclude dirs and/or files: 
[0.775s] -- Added test 'flake8' to check Python code syntax and style conventions
[0.778s] -- Added test 'lint_cmake' to check CMake code style
[0.780s] -- Added test 'pep257' to check Python code against some of the docstring style conventions in PEP 257
[0.788s] -- Added test 'uncrustify' to check C / C++ code style
[0.788s] -- Configured uncrustify additional arguments: 
[0.790s] -- Added test 'xmllint' to check XML markup files
[0.798s] -- Configuring done
[0.804s] [31mCMake Error at CMakeLists.txt:19 (add_executable):
[0.804s]   Cannot find source file:
[0.804s] 
[0.804s]     src/video_publisher.cpp
[0.804s] 
[0.804s]   Tried extensions .c .C .c++ .cc .cpp .cxx .cu .mpp .m .M .mm .ixx .cppm .h
[0.805s]   .hh .h++ .hm .hpp .hxx .in .txx .f .F .for .f77 .f90 .f95 .f03 .hip .ispc
[0.805s] 
[0.805s] [0m
[0.809s] [31mCMake Error at CMakeLists.txt:24 (add_executable):
[0.809s]   Cannot find source file:
[0.809s] 
[0.809s]     src/video_subscriber.cpp
[0.809s] 
[0.809s]   Tried extensions .c .C .c++ .cc .cpp .cxx .cu .mpp .m .M .mm .ixx .cppm .h
[0.809s]   .hh .h++ .hm .hpp .hxx .in .txx .f .F .for .f77 .f90 .f95 .f03 .hip .ispc
[0.809s] 
[0.809s] [0m
[0.811s] [31mCMake Error at CMakeLists.txt:19 (add_executable):
[0.811s]   No SOURCES given to target: video_publisher
[0.811s] 
[0.811s] [0m
[0.811s] [31mCMake Error at CMakeLists.txt:24 (add_executable):
[0.811s]   No SOURCES given to target: video_subscriber
[0.811s] 
[0.811s] [0m
[0.811s] [0mCMake Generate step failed.  Build files cannot be regenerated correctly.[0m
[0.819s] Invoked command in '/root/video_image_publisher/build/video_image_publisher' returned '1': CMAKE_PREFIX_PATH=/opt/ros/humble /usr/bin/cmake /root/video_image_publisher -DCMAKE_INSTALL_PREFIX=/root/video_image_publisher/install/video_image_publisher
