[0.033s] Invoking command in '/root/video_image_publisher/build/video_image_publisher': CMAKE_PREFIX_PATH=/opt/ros/humble /usr/bin/cmake /root/video_image_publisher -DCMAKE_INSTALL_PREFIX=/root/video_image_publisher/install/video_image_publisher
[0.563s] -- The C compiler identification is GNU 11.4.0
[0.781s] -- The CXX compiler identification is GNU 11.4.0
[0.808s] -- Detecting C compiler ABI info
[0.925s] -- Detecting C compiler ABI info - done
[0.939s] -- Check for working C compiler: /usr/bin/cc - skipped
[0.940s] -- Detecting C compile features
[0.941s] -- Detecting C compile features - done
[0.947s] -- Detecting CXX compiler ABI info
[1.048s] -- Detecting CXX compiler ABI info - done
[1.061s] -- Check for working CXX compiler: /usr/bin/c++ - skipped
[1.061s] -- Detecting CXX compile features
[1.062s] -- Detecting CXX compile features - done
[1.118s] -- Found ament_cmake: 1.3.10 (/opt/ros/humble/share/ament_cmake/cmake)
[1.580s] -- Found Python3: /usr/bin/python3 (found version "3.10.12") found components: Interpreter 
[1.804s] -- Found rclcpp: 16.0.10 (/opt/ros/humble/share/rclcpp/cmake)
[2.017s] -- Found rosidl_generator_c: 3.1.5 (/opt/ros/humble/share/rosidl_generator_c/cmake)
[2.034s] -- Found rosidl_adapter: 3.1.5 (/opt/ros/humble/share/rosidl_adapter/cmake)
[2.065s] -- Found rosidl_generator_cpp: 3.1.5 (/opt/ros/humble/share/rosidl_generator_cpp/cmake)
[2.113s] -- Using all available rosidl_typesupport_c: rosidl_typesupport_fastrtps_c;rosidl_typesupport_introspection_c
[2.168s] -- Using all available rosidl_typesupport_cpp: rosidl_typesupport_fastrtps_cpp;rosidl_typesupport_introspection_cpp
[2.325s] -- Found rmw_implementation_cmake: 6.1.2 (/opt/ros/humble/share/rmw_implementation_cmake/cmake)
[2.337s] -- Found rmw_fastrtps_cpp: 6.2.7 (/opt/ros/humble/share/rmw_fastrtps_cpp/cmake)
[2.613s] -- Found OpenSSL: /usr/lib/x86_64-linux-gnu/libcrypto.so (found version "3.0.2")  
[2.670s] -- Found FastRTPS: /opt/ros/humble/include  
[2.735s] -- Using RMW implementation 'rmw_fastrtps_cpp' as default
[2.769s] -- Looking for pthread.h
[2.887s] -- Looking for pthread.h - found
[2.888s] -- Performing Test CMAKE_HAVE_LIBC_PTHREAD
[2.970s] -- Performing Test CMAKE_HAVE_LIBC_PTHREAD - Success
[2.971s] -- Found Threads: TRUE  
[3.155s] -- Found sensor_msgs: 4.2.4 (/opt/ros/humble/share/sensor_msgs/cmake)
[3.276s] -- Found cv_bridge: 3.2.1 (/opt/ros/humble/share/cv_bridge/cmake)
[3.339s] -- Found OpenCV: /usr/local (found version "4.10.0") 
[3.339s] [31mCMake Error at CMakeLists.txt:14 (nclude_directories):
[3.339s]   Unknown CMake command "nclude_directories".
[3.339s] 
[3.339s] [0m
[3.339s] -- Configuring incomplete, errors occurred!
[3.340s] See also "/root/video_image_publisher/build/video_image_publisher/CMakeFiles/CMakeOutput.log".
[3.351s] Invoked command in '/root/video_image_publisher/build/video_image_publisher' returned '1': CMAKE_PREFIX_PATH=/opt/ros/humble /usr/bin/cmake /root/video_image_publisher -DCMAKE_INSTALL_PREFIX=/root/video_image_publisher/install/video_image_publisher
