-- Found ament_cmake: 1.3.10 (/opt/ros/humble/share/ament_cmake/cmake)
-- Found rclcpp: 16.0.10 (/opt/ros/humble/share/rclcpp/cmake)
-- Found rosidl_generator_c: 3.1.5 (/opt/ros/humble/share/rosidl_generator_c/cmake)
-- Found rosidl_adapter: 3.1.5 (/opt/ros/humble/share/rosidl_adapter/cmake)
-- Found rosidl_generator_cpp: 3.1.5 (/opt/ros/humble/share/rosidl_generator_cpp/cmake)
-- Using all available rosidl_typesupport_c: rosidl_typesupport_fastrtps_c;rosidl_typesupport_introspection_c
-- Using all available rosidl_typesupport_cpp: rosidl_typesupport_fastrtps_cpp;rosidl_typesupport_introspection_cpp
-- Found rmw_implementation_cmake: 6.1.2 (/opt/ros/humble/share/rmw_implementation_cmake/cmake)
-- Found rmw_fastrtps_cpp: 6.2.7 (/opt/ros/humble/share/rmw_fastrtps_cpp/cmake)
-- Using RMW implementation 'rmw_fastrtps_cpp' as default
-- Found sensor_msgs: 4.2.4 (/opt/ros/humble/share/sensor_msgs/cmake)
-- Found cv_bridge: 3.2.1 (/opt/ros/humble/share/cv_bridge/cmake)
-- Found ament_lint_auto: 0.12.11 (/opt/ros/humble/share/ament_lint_auto/cmake)
-- Added test 'cppcheck' to perform static code analysis on C / C++ code
-- Configured cppcheck include dirs: /root/video_image_publisher/include
-- Configured cppcheck exclude dirs and/or files: 
-- Added test 'flake8' to check Python code syntax and style conventions
-- Added test 'lint_cmake' to check CMake code style
-- Added test 'pep257' to check Python code against some of the docstring style conventions in PEP 257
-- Added test 'uncrustify' to check C / C++ code style
-- Configured uncrustify additional arguments: 
-- Added test 'xmllint' to check XML markup files
-- Configuring done
-- Generating done
-- Build files have been written to: /root/video_image_publisher/build/video_image_publisher
[ 50%] [32mBuilding CXX object CMakeFiles/video_publisher.dir/src/video_publisher.cpp.o[0m
[ 50%] [32mBuilding CXX object CMakeFiles/video_subscriber.dir/src/video_subscriber.cpp.o[0m
[ 75%] [32m[1mLinking CXX executable video_publisher[0m
[ 75%] Built target video_publisher
[100%] [32m[1mLinking CXX executable video_subscriber[0m
[100%] Built target video_subscriber
-- Install configuration: ""
-- Installing: /root/video_image_publisher/install/video_image_publisher/lib/video_image_publisher/video_publisher
-- Set runtime path of "/root/video_image_publisher/install/video_image_publisher/lib/video_image_publisher/video_publisher" to ""
-- Installing: /root/video_image_publisher/install/video_image_publisher/lib/video_image_publisher/video_subscriber
-- Set runtime path of "/root/video_image_publisher/install/video_image_publisher/lib/video_image_publisher/video_subscriber" to ""
-- Installing: /root/video_image_publisher/install/video_image_publisher/share/ament_index/resource_index/package_run_dependencies/video_image_publisher
-- Installing: /root/video_image_publisher/install/video_image_publisher/share/ament_index/resource_index/parent_prefix_path/video_image_publisher
-- Installing: /root/video_image_publisher/install/video_image_publisher/share/video_image_publisher/environment/ament_prefix_path.sh
-- Installing: /root/video_image_publisher/install/video_image_publisher/share/video_image_publisher/environment/ament_prefix_path.dsv
-- Installing: /root/video_image_publisher/install/video_image_publisher/share/video_image_publisher/environment/path.sh
-- Installing: /root/video_image_publisher/install/video_image_publisher/share/video_image_publisher/environment/path.dsv
-- Installing: /root/video_image_publisher/install/video_image_publisher/share/video_image_publisher/local_setup.bash
-- Installing: /root/video_image_publisher/install/video_image_publisher/share/video_image_publisher/local_setup.sh
-- Installing: /root/video_image_publisher/install/video_image_publisher/share/video_image_publisher/local_setup.zsh
-- Installing: /root/video_image_publisher/install/video_image_publisher/share/video_image_publisher/local_setup.dsv
-- Installing: /root/video_image_publisher/install/video_image_publisher/share/video_image_publisher/package.dsv
-- Installing: /root/video_image_publisher/install/video_image_publisher/share/ament_index/resource_index/packages/video_image_publisher
-- Installing: /root/video_image_publisher/install/video_image_publisher/share/video_image_publisher/cmake/video_image_publisherConfig.cmake
-- Installing: /root/video_image_publisher/install/video_image_publisher/share/video_image_publisher/cmake/video_image_publisherConfig-version.cmake
-- Installing: /root/video_image_publisher/install/video_image_publisher/share/video_image_publisher/package.xml
