[0.026s] Invoking command in '/root/video_image_publisher/build/video_image_publisher': CMAKE_PREFIX_PATH=/opt/ros/humble /usr/bin/cmake /root/video_image_publisher -DCMAKE_INSTALL_PREFIX=/root/video_image_publisher/install/video_image_publisher
[0.216s] -- Found ament_cmake: 1.3.10 (/opt/ros/humble/share/ament_cmake/cmake)
[0.464s] -- Found rclcpp: 16.0.10 (/opt/ros/humble/share/rclcpp/cmake)
[0.627s] -- Found rosidl_generator_c: 3.1.5 (/opt/ros/humble/share/rosidl_generator_c/cmake)
[0.637s] -- Found rosidl_adapter: 3.1.5 (/opt/ros/humble/share/rosidl_adapter/cmake)
[0.661s] -- Found rosidl_generator_cpp: 3.1.5 (/opt/ros/humble/share/rosidl_generator_cpp/cmake)
[0.695s] -- Using all available rosidl_typesupport_c: rosidl_typesupport_fastrtps_c;rosidl_typesupport_introspection_c
[0.734s] -- Using all available rosidl_typesupport_cpp: rosidl_typesupport_fastrtps_cpp;rosidl_typesupport_introspection_cpp
[0.850s] -- Found rmw_implementation_cmake: 6.1.2 (/opt/ros/humble/share/rmw_implementation_cmake/cmake)
[0.858s] -- Found rmw_fastrtps_cpp: 6.2.7 (/opt/ros/humble/share/rmw_fastrtps_cpp/cmake)
[1.112s] -- Using RMW implementation 'rmw_fastrtps_cpp' as default
[1.282s] -- Found sensor_msgs: 4.2.4 (/opt/ros/humble/share/sensor_msgs/cmake)
[1.376s] -- Found cv_bridge: 3.2.1 (/opt/ros/humble/share/cv_bridge/cmake)
[1.411s] -- Found ament_lint_auto: 0.12.11 (/opt/ros/humble/share/ament_lint_auto/cmake)
[1.546s] -- Added test 'cppcheck' to perform static code analysis on C / C++ code
[1.546s] -- Configured cppcheck include dirs: /root/video_image_publisher/include
[1.546s] -- Configured cppcheck exclude dirs and/or files: 
[1.548s] -- Added test 'flake8' to check Python code syntax and style conventions
[1.551s] -- Added test 'lint_cmake' to check CMake code style
[1.553s] -- Added test 'pep257' to check Python code against some of the docstring style conventions in PEP 257
[1.561s] -- Added test 'uncrustify' to check C / C++ code style
[1.561s] -- Configured uncrustify additional arguments: 
[1.563s] -- Added test 'xmllint' to check XML markup files
[1.568s] -- Configuring done
[1.631s] -- Generating done
[1.634s] -- Build files have been written to: /root/video_image_publisher/build/video_image_publisher
[1.652s] Invoked command in '/root/video_image_publisher/build/video_image_publisher' returned '0': CMAKE_PREFIX_PATH=/opt/ros/humble /usr/bin/cmake /root/video_image_publisher -DCMAKE_INSTALL_PREFIX=/root/video_image_publisher/install/video_image_publisher
[1.655s] Invoking command in '/root/video_image_publisher/build/video_image_publisher': CMAKE_PREFIX_PATH=/opt/ros/humble /usr/bin/cmake --build /root/video_image_publisher/build/video_image_publisher -- -j8 -l8
[1.711s] [ 50%] [32mBuilding CXX object CMakeFiles/video_publisher.dir/src/video_publisher.cpp.o[0m
[1.711s] [ 50%] [32mBuilding CXX object CMakeFiles/video_subscriber.dir/src/video_subscriber.cpp.o[0m
[10.519s] [ 75%] [32m[1mLinking CXX executable video_publisher[0m
[10.985s] /usr/bin/ld: warning: libopencv_core.so.4.5d, needed by /opt/ros/humble/lib/libcv_bridge.so, may conflict with libopencv_core.so.410
[11.956s] [ 75%] Built target video_publisher
[14.390s] [100%] [32m[1mLinking CXX executable video_subscriber[0m
[15.172s] [100%] Built target video_subscriber
[15.183s] Invoked command in '/root/video_image_publisher/build/video_image_publisher' returned '0': CMAKE_PREFIX_PATH=/opt/ros/humble /usr/bin/cmake --build /root/video_image_publisher/build/video_image_publisher -- -j8 -l8
[15.230s] Invoking command in '/root/video_image_publisher/build/video_image_publisher': CMAKE_PREFIX_PATH=/opt/ros/humble /usr/bin/cmake --install /root/video_image_publisher/build/video_image_publisher
[15.237s] -- Install configuration: ""
[15.238s] -- Installing: /root/video_image_publisher/install/video_image_publisher/lib/video_image_publisher/video_publisher
[15.239s] -- Set runtime path of "/root/video_image_publisher/install/video_image_publisher/lib/video_image_publisher/video_publisher" to ""
[15.239s] -- Installing: /root/video_image_publisher/install/video_image_publisher/lib/video_image_publisher/video_subscriber
[15.243s] -- Set runtime path of "/root/video_image_publisher/install/video_image_publisher/lib/video_image_publisher/video_subscriber" to ""
[15.243s] -- Installing: /root/video_image_publisher/install/video_image_publisher/share/ament_index/resource_index/package_run_dependencies/video_image_publisher
[15.244s] -- Installing: /root/video_image_publisher/install/video_image_publisher/share/ament_index/resource_index/parent_prefix_path/video_image_publisher
[15.244s] -- Installing: /root/video_image_publisher/install/video_image_publisher/share/video_image_publisher/environment/ament_prefix_path.sh
[15.244s] -- Installing: /root/video_image_publisher/install/video_image_publisher/share/video_image_publisher/environment/ament_prefix_path.dsv
[15.244s] -- Installing: /root/video_image_publisher/install/video_image_publisher/share/video_image_publisher/environment/path.sh
[15.245s] -- Installing: /root/video_image_publisher/install/video_image_publisher/share/video_image_publisher/environment/path.dsv
[15.245s] -- Installing: /root/video_image_publisher/install/video_image_publisher/share/video_image_publisher/local_setup.bash
[15.245s] -- Installing: /root/video_image_publisher/install/video_image_publisher/share/video_image_publisher/local_setup.sh
[15.246s] -- Installing: /root/video_image_publisher/install/video_image_publisher/share/video_image_publisher/local_setup.zsh
[15.246s] -- Installing: /root/video_image_publisher/install/video_image_publisher/share/video_image_publisher/local_setup.dsv
[15.246s] -- Installing: /root/video_image_publisher/install/video_image_publisher/share/video_image_publisher/package.dsv
[15.246s] -- Installing: /root/video_image_publisher/install/video_image_publisher/share/ament_index/resource_index/packages/video_image_publisher
[15.247s] -- Installing: /root/video_image_publisher/install/video_image_publisher/share/video_image_publisher/cmake/video_image_publisherConfig.cmake
[15.247s] -- Installing: /root/video_image_publisher/install/video_image_publisher/share/video_image_publisher/cmake/video_image_publisherConfig-version.cmake
[15.247s] -- Installing: /root/video_image_publisher/install/video_image_publisher/share/video_image_publisher/package.xml
[15.249s] Invoked command in '/root/video_image_publisher/build/video_image_publisher' returned '0': CMAKE_PREFIX_PATH=/opt/ros/humble /usr/bin/cmake --install /root/video_image_publisher/build/video_image_publisher
