[0.145s] DEBUG:colcon:Command line arguments: ['/usr/bin/colcon', 'build']
[0.145s] DEBUG:colcon:Parsed command line arguments: Namespace(log_base=None, log_level=None, verb_name='build', build_base='build', install_base='install', merge_install=False, symlink_install=False, test_result_base=None, continue_on_error=False, executor='parallel', parallel_workers=8, event_handlers=None, ignore_user_meta=False, metas=['./colcon.meta'], base_paths=['.'], packages_ignore=None, packages_ignore_regex=None, paths=None, packages_up_to=None, packages_up_to_regex=None, packages_above=None, packages_above_and_dependencies=None, packages_above_depth=None, packages_select_by_dep=None, packages_skip_by_dep=None, packages_skip_up_to=None, packages_select_build_failed=False, packages_skip_build_finished=False, packages_select_test_failures=False, packages_skip_test_passed=False, packages_select=None, packages_skip=None, packages_select_regex=None, packages_skip_regex=None, packages_start=None, packages_end=None, allow_overriding=[], cmake_args=None, cmake_target=None, cmake_target_skip_unavailable=False, cmake_clean_cache=False, cmake_clean_first=False, cmake_force_configure=False, ament_cmake_args=None, catkin_cmake_args=None, catkin_skip_building_tests=False, mixin_files=None, mixin=None, verb_parser=<colcon_mixin.mixin.mixin_argument.MixinArgumentDecorator object at 0x7fa210b0a530>, verb_extension=<colcon_core.verb.build.BuildVerb object at 0x7fa210b09fc0>, main=<bound method BuildVerb.main of <colcon_core.verb.build.BuildVerb object at 0x7fa210b09fc0>>, mixin_verb=('build',))
[0.196s] Level 1:colcon.colcon_core.package_discovery:discover_packages(colcon_meta) check parameters
[0.196s] Level 1:colcon.colcon_core.package_discovery:discover_packages(recursive) check parameters
[0.196s] Level 1:colcon.colcon_core.package_discovery:discover_packages(ignore) check parameters
[0.196s] Level 1:colcon.colcon_core.package_discovery:discover_packages(path) check parameters
[0.196s] Level 1:colcon.colcon_core.package_discovery:discover_packages(colcon_meta) discover
[0.197s] Level 1:colcon.colcon_core.package_discovery:discover_packages(recursive) discover
[0.197s] INFO:colcon.colcon_core.package_discovery:Crawling recursively for packages in '/root/video_image_publisher'
[0.197s] Level 1:colcon.colcon_core.package_identification:_identify(.) by extensions ['ignore', 'ignore_ament_install']
[0.197s] Level 1:colcon.colcon_core.package_identification:_identify(.) by extension 'ignore'
[0.197s] Level 1:colcon.colcon_core.package_identification:_identify(.) by extension 'ignore_ament_install'
[0.197s] Level 1:colcon.colcon_core.package_identification:_identify(.) by extensions ['colcon_pkg']
[0.197s] Level 1:colcon.colcon_core.package_identification:_identify(.) by extension 'colcon_pkg'
[0.197s] Level 1:colcon.colcon_core.package_identification:_identify(.) by extensions ['colcon_meta']
[0.197s] Level 1:colcon.colcon_core.package_identification:_identify(.) by extension 'colcon_meta'
[0.197s] Level 1:colcon.colcon_core.package_identification:_identify(.) by extensions ['ros']
[0.197s] Level 1:colcon.colcon_core.package_identification:_identify(.) by extension 'ros'
[0.221s] DEBUG:colcon.colcon_core.package_identification:Package '.' with type 'ros.ament_cmake' and name 'video_image_publisher'
[0.221s] Level 1:colcon.colcon_core.package_discovery:discover_packages(recursive) using defaults
[0.221s] Level 1:colcon.colcon_core.package_discovery:discover_packages(ignore) discover
[0.221s] Level 1:colcon.colcon_core.package_discovery:discover_packages(ignore) using defaults
[0.221s] Level 1:colcon.colcon_core.package_discovery:discover_packages(path) discover
[0.221s] Level 1:colcon.colcon_core.package_discovery:discover_packages(path) using defaults
[0.248s] Level 1:colcon.colcon_core.package_discovery:discover_packages(prefix_path) check parameters
[0.248s] Level 1:colcon.colcon_core.package_discovery:discover_packages(prefix_path) discover
[0.250s] DEBUG:colcon.colcon_installed_package_information.package_discovery:Found 1 installed packages in /root/video_image_publisher/install
[0.252s] DEBUG:colcon.colcon_installed_package_information.package_discovery:Found 279 installed packages in /opt/ros/humble
[0.255s] Level 1:colcon.colcon_core.package_discovery:discover_packages(prefix_path) using defaults
[0.316s] Level 5:colcon.colcon_core.verb:set package 'video_image_publisher' build argument 'cmake_args' from command line to 'None'
[0.316s] Level 5:colcon.colcon_core.verb:set package 'video_image_publisher' build argument 'cmake_target' from command line to 'None'
[0.316s] Level 5:colcon.colcon_core.verb:set package 'video_image_publisher' build argument 'cmake_target_skip_unavailable' from command line to 'False'
[0.316s] Level 5:colcon.colcon_core.verb:set package 'video_image_publisher' build argument 'cmake_clean_cache' from command line to 'False'
[0.316s] Level 5:colcon.colcon_core.verb:set package 'video_image_publisher' build argument 'cmake_clean_first' from command line to 'False'
[0.316s] Level 5:colcon.colcon_core.verb:set package 'video_image_publisher' build argument 'cmake_force_configure' from command line to 'False'
[0.316s] Level 5:colcon.colcon_core.verb:set package 'video_image_publisher' build argument 'ament_cmake_args' from command line to 'None'
[0.316s] Level 5:colcon.colcon_core.verb:set package 'video_image_publisher' build argument 'catkin_cmake_args' from command line to 'None'
[0.316s] Level 5:colcon.colcon_core.verb:set package 'video_image_publisher' build argument 'catkin_skip_building_tests' from command line to 'False'
[0.316s] DEBUG:colcon.colcon_core.verb:Building package 'video_image_publisher' with the following arguments: {'ament_cmake_args': None, 'build_base': '/root/video_image_publisher/build/video_image_publisher', 'catkin_cmake_args': None, 'catkin_skip_building_tests': False, 'cmake_args': None, 'cmake_clean_cache': False, 'cmake_clean_first': False, 'cmake_force_configure': False, 'cmake_target': None, 'cmake_target_skip_unavailable': False, 'install_base': '/root/video_image_publisher/install/video_image_publisher', 'merge_install': False, 'path': '/root/video_image_publisher', 'symlink_install': False, 'test_result_base': None}
[0.316s] INFO:colcon.colcon_core.executor:Executing jobs using 'parallel' executor
[0.318s] DEBUG:colcon.colcon_parallel_executor.executor.parallel:run_until_complete
[0.318s] INFO:colcon.colcon_ros.task.ament_cmake.build:Building ROS package in '/root/video_image_publisher' with build type 'ament_cmake'
[0.318s] INFO:colcon.colcon_cmake.task.cmake.build:Building CMake package in '/root/video_image_publisher'
[0.322s] INFO:colcon.colcon_core.plugin_system:Skipping extension 'colcon_core.shell.bat': Not used on non-Windows systems
[0.323s] INFO:colcon.colcon_core.shell:Skip shell extension 'powershell' for command environment: Not usable outside of PowerShell
[0.323s] DEBUG:colcon.colcon_core.shell:Skip shell extension 'dsv' for command environment
[0.343s] DEBUG:colcon.colcon_core.event_handler.log_command:Invoking command in '/root/video_image_publisher/build/video_image_publisher': CMAKE_PREFIX_PATH=${CMAKE_PREFIX_PATH}:/opt/ros/humble /usr/bin/cmake --build /root/video_image_publisher/build/video_image_publisher -- -j8 -l8
[12.220s] DEBUG:colcon.colcon_core.event_handler.log_command:Invoked command in '/root/video_image_publisher/build/video_image_publisher' returned '0': CMAKE_PREFIX_PATH=${CMAKE_PREFIX_PATH}:/opt/ros/humble /usr/bin/cmake --build /root/video_image_publisher/build/video_image_publisher -- -j8 -l8
[12.274s] DEBUG:colcon.colcon_core.event_handler.log_command:Invoking command in '/root/video_image_publisher/build/video_image_publisher': CMAKE_PREFIX_PATH=${CMAKE_PREFIX_PATH}:/opt/ros/humble /usr/bin/cmake --install /root/video_image_publisher/build/video_image_publisher
[12.295s] Level 1:colcon.colcon_core.environment:create_environment_scripts_only(video_image_publisher)
[12.296s] DEBUG:colcon.colcon_core.event_handler.log_command:Invoked command in '/root/video_image_publisher/build/video_image_publisher' returned '0': CMAKE_PREFIX_PATH=${CMAKE_PREFIX_PATH}:/opt/ros/humble /usr/bin/cmake --install /root/video_image_publisher/build/video_image_publisher
[12.301s] Level 1:colcon.colcon_core.environment:checking '/root/video_image_publisher/install/video_image_publisher' for CMake module files
[12.301s] Level 1:colcon.colcon_core.environment:checking '/root/video_image_publisher/install/video_image_publisher' for CMake config files
[12.302s] Level 1:colcon.colcon_core.shell:create_environment_hook('video_image_publisher', 'cmake_prefix_path')
[12.302s] INFO:colcon.colcon_core.shell:Creating environment hook '/root/video_image_publisher/install/video_image_publisher/share/video_image_publisher/hook/cmake_prefix_path.ps1'
[12.303s] INFO:colcon.colcon_core.shell:Creating environment descriptor '/root/video_image_publisher/install/video_image_publisher/share/video_image_publisher/hook/cmake_prefix_path.dsv'
[12.304s] INFO:colcon.colcon_core.shell:Creating environment hook '/root/video_image_publisher/install/video_image_publisher/share/video_image_publisher/hook/cmake_prefix_path.sh'
[12.305s] Level 1:colcon.colcon_core.environment:checking '/root/video_image_publisher/install/video_image_publisher/lib'
[12.305s] Level 1:colcon.colcon_core.environment:checking '/root/video_image_publisher/install/video_image_publisher/bin'
[12.305s] Level 1:colcon.colcon_core.environment:checking '/root/video_image_publisher/install/video_image_publisher/lib/pkgconfig/video_image_publisher.pc'
[12.306s] Level 1:colcon.colcon_core.environment:checking '/root/video_image_publisher/install/video_image_publisher/lib/python3.10/site-packages'
[12.306s] Level 1:colcon.colcon_core.environment:checking '/root/video_image_publisher/install/video_image_publisher/bin'
[12.307s] INFO:colcon.colcon_core.shell:Creating package script '/root/video_image_publisher/install/video_image_publisher/share/video_image_publisher/package.ps1'
[12.308s] INFO:colcon.colcon_core.shell:Creating package descriptor '/root/video_image_publisher/install/video_image_publisher/share/video_image_publisher/package.dsv'
[12.309s] INFO:colcon.colcon_core.shell:Creating package script '/root/video_image_publisher/install/video_image_publisher/share/video_image_publisher/package.sh'
[12.310s] INFO:colcon.colcon_core.shell:Creating package script '/root/video_image_publisher/install/video_image_publisher/share/video_image_publisher/package.bash'
[12.311s] INFO:colcon.colcon_core.shell:Creating package script '/root/video_image_publisher/install/video_image_publisher/share/video_image_publisher/package.zsh'
[12.312s] Level 1:colcon.colcon_core.environment:create_file_with_runtime_dependencies(/root/video_image_publisher/install/video_image_publisher/share/colcon-core/packages/video_image_publisher)
[12.348s] Level 1:colcon.colcon_core.environment:create_environment_scripts_only(video_image_publisher)
[12.348s] Level 1:colcon.colcon_core.environment:checking '/root/video_image_publisher/install/video_image_publisher' for CMake module files
[12.349s] Level 1:colcon.colcon_core.environment:checking '/root/video_image_publisher/install/video_image_publisher' for CMake config files
[12.349s] Level 1:colcon.colcon_core.shell:create_environment_hook('video_image_publisher', 'cmake_prefix_path')
[12.349s] INFO:colcon.colcon_core.shell:Creating environment hook '/root/video_image_publisher/install/video_image_publisher/share/video_image_publisher/hook/cmake_prefix_path.ps1'
[12.350s] INFO:colcon.colcon_core.shell:Creating environment descriptor '/root/video_image_publisher/install/video_image_publisher/share/video_image_publisher/hook/cmake_prefix_path.dsv'
[12.350s] INFO:colcon.colcon_core.shell:Creating environment hook '/root/video_image_publisher/install/video_image_publisher/share/video_image_publisher/hook/cmake_prefix_path.sh'
[12.351s] Level 1:colcon.colcon_core.environment:checking '/root/video_image_publisher/install/video_image_publisher/lib'
[12.351s] Level 1:colcon.colcon_core.environment:checking '/root/video_image_publisher/install/video_image_publisher/bin'
[12.351s] Level 1:colcon.colcon_core.environment:checking '/root/video_image_publisher/install/video_image_publisher/lib/pkgconfig/video_image_publisher.pc'
[12.351s] Level 1:colcon.colcon_core.environment:checking '/root/video_image_publisher/install/video_image_publisher/lib/python3.10/site-packages'
[12.352s] Level 1:colcon.colcon_core.environment:checking '/root/video_image_publisher/install/video_image_publisher/bin'
[12.352s] INFO:colcon.colcon_core.shell:Creating package script '/root/video_image_publisher/install/video_image_publisher/share/video_image_publisher/package.ps1'
[12.353s] INFO:colcon.colcon_core.shell:Creating package descriptor '/root/video_image_publisher/install/video_image_publisher/share/video_image_publisher/package.dsv'
[12.353s] INFO:colcon.colcon_core.shell:Creating package script '/root/video_image_publisher/install/video_image_publisher/share/video_image_publisher/package.sh'
[12.354s] INFO:colcon.colcon_core.shell:Creating package script '/root/video_image_publisher/install/video_image_publisher/share/video_image_publisher/package.bash'
[12.354s] INFO:colcon.colcon_core.shell:Creating package script '/root/video_image_publisher/install/video_image_publisher/share/video_image_publisher/package.zsh'
[12.355s] Level 1:colcon.colcon_core.environment:create_file_with_runtime_dependencies(/root/video_image_publisher/install/video_image_publisher/share/colcon-core/packages/video_image_publisher)
[12.355s] DEBUG:colcon.colcon_parallel_executor.executor.parallel:closing loop
[12.356s] DEBUG:colcon.colcon_parallel_executor.executor.parallel:loop closed
[12.356s] DEBUG:colcon.colcon_parallel_executor.executor.parallel:run_until_complete finished with '0'
[12.356s] DEBUG:colcon.colcon_core.event_reactor:joining thread
[12.366s] INFO:colcon.colcon_core.plugin_system:Skipping extension 'colcon_notification.desktop_notification.notify_send': Could not find 'notify-send'
[12.366s] INFO:colcon.colcon_core.plugin_system:Skipping extension 'colcon_notification.desktop_notification.terminal_notifier': Not used on non-Darwin systems
[12.366s] INFO:colcon.colcon_core.plugin_system:Skipping extension 'colcon_notification.desktop_notification.win32': Not used on non-Windows systems
[12.366s] INFO:colcon.colcon_notification.desktop_notification:Sending desktop notification using 'notify2'
[12.369s] DEBUG:colcon.colcon_notification.desktop_notification.notify2:Failed to initialize notify2: org.freedesktop.DBus.Error.Spawn.ExecFailed: /usr/bin/dbus-launch terminated abnormally without any error message
[12.369s] DEBUG:colcon.colcon_core.event_reactor:joined thread
[12.370s] INFO:colcon.colcon_core.shell:Creating prefix script '/root/video_image_publisher/install/local_setup.ps1'
[12.372s] INFO:colcon.colcon_core.shell:Creating prefix util module '/root/video_image_publisher/install/_local_setup_util_ps1.py'
[12.374s] INFO:colcon.colcon_core.shell:Creating prefix chain script '/root/video_image_publisher/install/setup.ps1'
[12.376s] INFO:colcon.colcon_core.shell:Creating prefix script '/root/video_image_publisher/install/local_setup.sh'
[12.378s] INFO:colcon.colcon_core.shell:Creating prefix util module '/root/video_image_publisher/install/_local_setup_util_sh.py'
[12.379s] INFO:colcon.colcon_core.shell:Creating prefix chain script '/root/video_image_publisher/install/setup.sh'
[12.380s] INFO:colcon.colcon_core.shell:Creating prefix script '/root/video_image_publisher/install/local_setup.bash'
[12.381s] INFO:colcon.colcon_core.shell:Creating prefix chain script '/root/video_image_publisher/install/setup.bash'
[12.383s] INFO:colcon.colcon_core.shell:Creating prefix script '/root/video_image_publisher/install/local_setup.zsh'
[12.383s] INFO:colcon.colcon_core.shell:Creating prefix chain script '/root/video_image_publisher/install/setup.zsh'
